{"contracts/Election.sol":{"l":{"75":6,"76":6,"77":6,"78":6,"79":6,"80":6,"81":6,"82":6,"87":0,"92":0,"102":5,"103":5,"105":5,"106":5,"107":5,"108":10,"119":1,"120":1,"121":1,"122":1,"132":2,"133":2,"134":2,"135":2,"140":1,"141":1,"142":1,"147":1,"148":1,"153":1,"154":1,"155":1,"160":10,"162":9,"163":9,"165":9,"166":7,"168":6,"171":4,"172":4,"175":4,"176":4,"178":4,"183":6,"184":6,"185":2,"187":4,"188":2,"189":1,"191":2,"192":2,"193":2,"194":2,"195":1,"198":0},"path":"/Users/ayushkumar/Desktop/Solet/contracts/Election.sol","s":{"1":6,"2":6,"3":6,"4":0,"5":0,"6":5,"7":5,"8":5,"9":5,"10":5,"11":10,"12":1,"13":1,"14":1,"15":2,"16":1,"17":1,"18":1,"19":1,"20":1,"21":1,"22":1,"23":10,"24":9,"25":9,"26":9,"27":7,"28":6,"29":4,"30":4,"31":4,"32":6,"33":6,"34":2,"35":4,"36":2,"37":1,"38":2,"39":2,"40":2,"41":2,"42":1},"b":{"1":[0,6],"2":[5,0],"3":[0,5],"4":[0,5],"5":[0,0],"6":[1,0],"7":[0,1],"8":[2,0],"9":[0,2],"10":[0,1],"11":[0,1],"12":[1,0],"13":[0,1],"14":[11,0],"15":[10,1],"16":[1,9],"17":[2,7],"18":[1,1],"19":[1,6],"20":[0,4],"21":[2,4],"22":[2,2],"23":[1,1],"24":[2,0],"25":[0,2],"26":[1,1]},"f":{"1":6,"2":0,"3":0,"4":5,"5":1,"6":2,"7":1,"8":1,"9":1,"10":10,"11":6},"fnMap":{"1":{"name":"constructor","line":74,"loc":{"start":{"line":67,"column":4},"end":{"line":83,"column":4}}},"2":{"name":"candidatesCount","line":86,"loc":{"start":{"line":86,"column":4},"end":{"line":88,"column":4}}},"3":{"name":"getCandidate","line":91,"loc":{"start":{"line":91,"column":4},"end":{"line":93,"column":4}}},"4":{"name":"addCandidates","line":101,"loc":{"start":{"line":98,"column":4},"end":{"line":115,"column":4}}},"5":{"name":"setAllowlist","line":118,"loc":{"start":{"line":118,"column":4},"end":{"line":124,"column":4}}},"6":{"name":"setVotingMode","line":131,"loc":{"start":{"line":127,"column":4},"end":{"line":136,"column":4}}},"7":{"name":"pause","line":139,"loc":{"start":{"line":139,"column":4},"end":{"line":143,"column":4}}},"8":{"name":"unpause","line":146,"loc":{"start":{"line":146,"column":4},"end":{"line":149,"column":4}}},"9":{"name":"close","line":152,"loc":{"start":{"line":152,"column":4},"end":{"line":156,"column":4}}},"10":{"name":"vote","line":159,"loc":{"start":{"line":159,"column":4},"end":{"line":179,"column":4}}},"11":{"name":"_checkEligibility","line":182,"loc":{"start":{"line":182,"column":4},"end":{"line":199,"column":4}}}},"statementMap":{"1":{"start":{"line":75,"column":8},"end":{"line":75,"column":45}},"2":{"start":{"line":76,"column":8},"end":{"line":76,"column":37}},"3":{"start":{"line":79,"column":8},"end":{"line":79,"column":68}},"4":{"start":{"line":87,"column":8},"end":{"line":87,"column":33}},"5":{"start":{"line":92,"column":8},"end":{"line":92,"column":33}},"6":{"start":{"line":102,"column":8},"end":{"line":102,"column":63}},"7":{"start":{"line":103,"column":8},"end":{"line":103,"column":95}},"8":{"start":{"line":105,"column":8},"end":{"line":105,"column":37}},"9":{"start":{"line":106,"column":8},"end":{"line":106,"column":43}},"10":{"start":{"line":107,"column":8},"end":{"line":107,"column":3631}},"11":{"start":{"line":108,"column":12},"end":{"line":108,"column":3688}},"12":{"start":{"line":119,"column":8},"end":{"line":119,"column":63}},"13":{"start":{"line":120,"column":8},"end":{"line":120,"column":37}},"14":{"start":{"line":121,"column":8},"end":{"line":121,"column":4154}},"15":{"start":{"line":132,"column":8},"end":{"line":132,"column":63}},"16":{"start":{"line":140,"column":8},"end":{"line":140,"column":63}},"17":{"start":{"line":141,"column":8},"end":{"line":141,"column":15}},"18":{"start":{"line":142,"column":8},"end":{"line":142,"column":29}},"19":{"start":{"line":147,"column":8},"end":{"line":147,"column":63}},"20":{"start":{"line":148,"column":8},"end":{"line":148,"column":17}},"21":{"start":{"line":153,"column":8},"end":{"line":153,"column":63}},"22":{"start":{"line":155,"column":8},"end":{"line":155,"column":29}},"23":{"start":{"line":160,"column":8},"end":{"line":160,"column":37}},"24":{"start":{"line":162,"column":8},"end":{"line":162,"column":37}},"25":{"start":{"line":163,"column":8},"end":{"line":163,"column":33}},"26":{"start":{"line":165,"column":8},"end":{"line":165,"column":88}},"27":{"start":{"line":166,"column":8},"end":{"line":166,"column":55}},"28":{"start":{"line":168,"column":8},"end":{"line":168,"column":36}},"29":{"start":{"line":171,"column":8},"end":{"line":171,"column":50}},"30":{"start":{"line":172,"column":8},"end":{"line":172,"column":67}},"31":{"start":{"line":178,"column":8},"end":{"line":178,"column":63}},"32":{"start":{"line":183,"column":8},"end":{"line":183,"column":48}},"33":{"start":{"line":184,"column":8},"end":{"line":184,"column":6274}},"34":{"start":{"line":185,"column":12},"end":{"line":185,"column":18}},"35":{"start":{"line":187,"column":8},"end":{"line":187,"column":6355}},"36":{"start":{"line":188,"column":12},"end":{"line":188,"column":59}},"37":{"start":{"line":189,"column":12},"end":{"line":189,"column":18}},"38":{"start":{"line":191,"column":8},"end":{"line":191,"column":6502}},"39":{"start":{"line":192,"column":12},"end":{"line":192,"column":64}},"40":{"start":{"line":193,"column":12},"end":{"line":193,"column":67}},"41":{"start":{"line":194,"column":12},"end":{"line":194,"column":63}},"42":{"start":{"line":195,"column":12},"end":{"line":195,"column":18}}},"branchMap":{"1":{"line":79,"type":"if","locations":[{"start":{"line":79,"column":8},"end":{"line":79,"column":8}},{"start":{"line":79,"column":8},"end":{"line":79,"column":8}}]},"2":{"line":101,"type":"if","locations":[{"start":{"line":101,"column":15},"end":{"line":101,"column":15}},{"start":{"line":101,"column":15},"end":{"line":101,"column":15}}]},"3":{"line":102,"type":"if","locations":[{"start":{"line":102,"column":8},"end":{"line":102,"column":8}},{"start":{"line":102,"column":8},"end":{"line":102,"column":8}}]},"4":{"line":103,"type":"if","locations":[{"start":{"line":103,"column":8},"end":{"line":103,"column":8}},{"start":{"line":103,"column":8},"end":{"line":103,"column":8}}]},"5":{"line":103,"type":"cond-expr","locations":[{"start":{"line":103,"column":12},"end":{"line":103,"column":28}},{"start":{"line":103,"column":33},"end":{"line":103,"column":67}}]},"6":{"line":118,"type":"if","locations":[{"start":{"line":118,"column":75},"end":{"line":118,"column":75}},{"start":{"line":118,"column":75},"end":{"line":118,"column":75}}]},"7":{"line":119,"type":"if","locations":[{"start":{"line":119,"column":8},"end":{"line":119,"column":8}},{"start":{"line":119,"column":8},"end":{"line":119,"column":8}}]},"8":{"line":131,"type":"if","locations":[{"start":{"line":131,"column":15},"end":{"line":131,"column":15}},{"start":{"line":131,"column":15},"end":{"line":131,"column":15}}]},"9":{"line":132,"type":"if","locations":[{"start":{"line":132,"column":8},"end":{"line":132,"column":8}},{"start":{"line":132,"column":8},"end":{"line":132,"column":8}}]},"10":{"line":140,"type":"if","locations":[{"start":{"line":140,"column":8},"end":{"line":140,"column":8}},{"start":{"line":140,"column":8},"end":{"line":140,"column":8}}]},"11":{"line":147,"type":"if","locations":[{"start":{"line":147,"column":8},"end":{"line":147,"column":8}},{"start":{"line":147,"column":8},"end":{"line":147,"column":8}}]},"12":{"line":152,"type":"if","locations":[{"start":{"line":152,"column":30},"end":{"line":152,"column":30}},{"start":{"line":152,"column":30},"end":{"line":152,"column":30}}]},"13":{"line":153,"type":"if","locations":[{"start":{"line":153,"column":8},"end":{"line":153,"column":8}},{"start":{"line":153,"column":8},"end":{"line":153,"column":8}}]},"14":{"line":159,"type":"if","locations":[{"start":{"line":159,"column":48},"end":{"line":159,"column":48}},{"start":{"line":159,"column":48},"end":{"line":159,"column":48}}]},"15":{"line":159,"type":"if","locations":[{"start":{"line":159,"column":61},"end":{"line":159,"column":61}},{"start":{"line":159,"column":61},"end":{"line":159,"column":61}}]},"16":{"line":160,"type":"if","locations":[{"start":{"line":160,"column":8},"end":{"line":160,"column":8}},{"start":{"line":160,"column":8},"end":{"line":160,"column":8}}]},"17":{"line":165,"type":"if","locations":[{"start":{"line":165,"column":8},"end":{"line":165,"column":8}},{"start":{"line":165,"column":8},"end":{"line":165,"column":8}}]},"18":{"line":165,"type":"cond-expr","locations":[{"start":{"line":165,"column":12},"end":{"line":165,"column":34}},{"start":{"line":165,"column":39},"end":{"line":165,"column":59}}]},"19":{"line":166,"type":"if","locations":[{"start":{"line":166,"column":8},"end":{"line":166,"column":8}},{"start":{"line":166,"column":8},"end":{"line":166,"column":8}}]},"20":{"line":172,"type":"if","locations":[{"start":{"line":172,"column":8},"end":{"line":172,"column":8}},{"start":{"line":172,"column":8},"end":{"line":172,"column":8}}]},"21":{"line":184,"type":"if","locations":[{"start":{"line":184,"column":8},"end":{"line":184,"column":8}},{"start":{"line":184,"column":8},"end":{"line":184,"column":8}}]},"22":{"line":187,"type":"if","locations":[{"start":{"line":187,"column":8},"end":{"line":187,"column":8}},{"start":{"line":187,"column":8},"end":{"line":187,"column":8}}]},"23":{"line":188,"type":"if","locations":[{"start":{"line":188,"column":12},"end":{"line":188,"column":12}},{"start":{"line":188,"column":12},"end":{"line":188,"column":12}}]},"24":{"line":191,"type":"if","locations":[{"start":{"line":191,"column":8},"end":{"line":191,"column":8}},{"start":{"line":191,"column":8},"end":{"line":191,"column":8}}]},"25":{"line":192,"type":"if","locations":[{"start":{"line":192,"column":12},"end":{"line":192,"column":12}},{"start":{"line":192,"column":12},"end":{"line":192,"column":12}}]},"26":{"line":194,"type":"if","locations":[{"start":{"line":194,"column":12},"end":{"line":194,"column":12}},{"start":{"line":194,"column":12},"end":{"line":194,"column":12}}]}}},"contracts/libraries/ElectionLib.sol":{"l":{},"path":"/Users/ayushkumar/Desktop/Solet/contracts/libraries/ElectionLib.sol","s":{},"b":{},"f":{},"fnMap":{},"statementMap":{},"branchMap":{}},"contracts/mocks/MockERC20.sol":{"l":{"10":1},"path":"/Users/ayushkumar/Desktop/Solet/contracts/mocks/MockERC20.sol","s":{"1":1},"b":{},"f":{"1":1,"2":1},"fnMap":{"1":{"name":"constructor","line":7,"loc":{"start":{"line":7,"column":4},"end":{"line":7,"column":83}}},"2":{"name":"mint","line":9,"loc":{"start":{"line":9,"column":4},"end":{"line":11,"column":4}}}},"statementMap":{"1":{"start":{"line":10,"column":8},"end":{"line":10,"column":24}}},"branchMap":{}},"contracts/VotingFactory.sol":{"l":{"28":8,"29":8,"34":1,"50":7,"51":6,"53":6,"62":6,"63":0,"66":6,"67":6,"68":6,"73":1,"74":1,"79":0,"80":0},"path":"/Users/ayushkumar/Desktop/Solet/contracts/VotingFactory.sol","s":{"1":8,"2":8,"3":1,"4":7,"5":6,"6":6,"7":6,"8":0,"9":6,"10":6,"11":1,"12":1,"13":0,"14":0},"b":{"1":[8,0],"2":[7,1],"3":[1,6],"4":[0,6],"5":[0,6],"6":[0,1],"7":[0,0]},"f":{"1":8,"2":1,"3":7,"4":1,"5":0},"fnMap":{"1":{"name":"constructor","line":27,"loc":{"start":{"line":27,"column":4},"end":{"line":30,"column":4}}},"2":{"name":"getElectionsCount","line":33,"loc":{"start":{"line":33,"column":4},"end":{"line":35,"column":4}}},"3":{"name":"createElection","line":49,"loc":{"start":{"line":43,"column":4},"end":{"line":69,"column":4}}},"4":{"name":"pause","line":72,"loc":{"start":{"line":72,"column":4},"end":{"line":75,"column":4}}},"5":{"name":"unpause","line":78,"loc":{"start":{"line":78,"column":4},"end":{"line":81,"column":4}}}},"statementMap":{"1":{"start":{"line":28,"column":8},"end":{"line":28,"column":51}},"2":{"start":{"line":29,"column":8},"end":{"line":29,"column":43}},"3":{"start":{"line":34,"column":8},"end":{"line":34,"column":31}},"4":{"start":{"line":50,"column":8},"end":{"line":50,"column":63}},"5":{"start":{"line":51,"column":8},"end":{"line":51,"column":70}},"6":{"start":{"line":53,"column":8},"end":{"line":53,"column":2141}},"7":{"start":{"line":62,"column":8},"end":{"line":62,"column":2377}},"8":{"start":{"line":63,"column":12},"end":{"line":63,"column":49}},"9":{"start":{"line":67,"column":8},"end":{"line":67,"column":38}},"10":{"start":{"line":68,"column":8},"end":{"line":68,"column":79}},"11":{"start":{"line":73,"column":8},"end":{"line":73,"column":63}},"12":{"start":{"line":74,"column":8},"end":{"line":74,"column":15}},"13":{"start":{"line":79,"column":8},"end":{"line":79,"column":63}},"14":{"start":{"line":80,"column":8},"end":{"line":80,"column":17}}},"branchMap":{"1":{"line":49,"type":"if","locations":[{"start":{"line":49,"column":15},"end":{"line":49,"column":15}},{"start":{"line":49,"column":15},"end":{"line":49,"column":15}}]},"2":{"line":49,"type":"if","locations":[{"start":{"line":49,"column":28},"end":{"line":49,"column":28}},{"start":{"line":49,"column":28},"end":{"line":49,"column":28}}]},"3":{"line":50,"type":"if","locations":[{"start":{"line":50,"column":8},"end":{"line":50,"column":8}},{"start":{"line":50,"column":8},"end":{"line":50,"column":8}}]},"4":{"line":51,"type":"if","locations":[{"start":{"line":51,"column":8},"end":{"line":51,"column":8}},{"start":{"line":51,"column":8},"end":{"line":51,"column":8}}]},"5":{"line":62,"type":"if","locations":[{"start":{"line":62,"column":8},"end":{"line":62,"column":8}},{"start":{"line":62,"column":8},"end":{"line":62,"column":8}}]},"6":{"line":73,"type":"if","locations":[{"start":{"line":73,"column":8},"end":{"line":73,"column":8}},{"start":{"line":73,"column":8},"end":{"line":73,"column":8}}]},"7":{"line":79,"type":"if","locations":[{"start":{"line":79,"column":8},"end":{"line":79,"column":8}},{"start":{"line":79,"column":8},"end":{"line":79,"column":8}}]}}}}